<?xml version="1.0" encoding="UTF-8"?>
<!-- Generated by org.testng.reporters.JUnitXMLReporter -->
<testsuite ignored="0" hostname="DESKTOP-GMBOEKU" failures="1" tests="2" name="Test" time="0.099" errors="0" timestamp="2025-09-24T01:36:23 IST">
  <testcase classname="com.orangehrm.Base.BasePageTest" name="@BeforeClass setup" time="0.036">
    <failure type="java.lang.IllegalArgumentException" message="invalid browser : browser">
      <![CDATA[java.lang.IllegalArgumentException: invalid browser : browser
at com.orangehrm.managers.DriverManager.getDriver(DriverManager.java:49)
at com.orangehrm.Base.BasePageTest.setup(BasePageTest.java:23)
at java.base/java.util.ArrayList.forEach(ArrayList.java:1596)
... Removed 23 stack frames]]>
    </failure>
  </testcase> <!-- @BeforeClass setup -->
  <testcase classname="com.orangehrm.Base.BasePageTest" name="@AfterClass tearDown" time="0.0">
    <skipped/>
  </testcase> <!-- @AfterClass tearDown -->
  <testcase classname="com.orangehrm.tests.LoginTests" name="testLoginWithInValidCredentials" time="0.0">
    <failure type="org.testng.TestNGException" message="
Cannot inject @Test annotated Method [testLoginWithInValidCredentials] with [class java.lang.String, class java.lang.String].
For more information on native dependency injection please refer to https://testng.org/#_dependency_injection">
      <![CDATA[org.testng.TestNGException: 
Cannot inject @Test annotated Method [testLoginWithInValidCredentials] with [class java.lang.String, class java.lang.String].
For more information on native dependency injection please refer to https://testng.org/#_dependency_injection
at java.base/java.util.ArrayList.forEach(ArrayList.java:1596)
... Removed 26 stack frames]]>
    </failure>
  </testcase> <!-- testLoginWithInValidCredentials -->
  <testcase classname="com.orangehrm.tests.LoginTests" name="testSuccessfulLogin" time="0.0">
    <skipped/>
  </testcase> <!-- testSuccessfulLogin -->
</testsuite> <!-- Test -->
